This file contains any messages produced by compilers while
running configure, to aid debugging if configure makes a mistake.

It was created by cefore configure 0.8.3, which was
generated by GNU Autoconf 2.69.  Invocation command line was

  $ ./configure --enable-csmgr --enable-cefping --enable-samptp --enable-debug --enable-cache

## --------- ##
## Platform. ##
## --------- ##

hostname = 12923321e9c7
uname -m = x86_64
uname -r = 5.10.25-linuxkit
uname -s = Linux
uname -v = #1 SMP Tue Mar 23 09:27:39 UTC 2021

/usr/bin/uname -p = unknown
/bin/uname -X     = unknown

/bin/arch              = unknown
/usr/bin/arch -k       = unknown
/usr/convex/getsysinfo = unknown
/usr/bin/hostinfo      = unknown
/bin/machine           = unknown
/usr/bin/oslevel       = unknown
/bin/universe          = unknown

PATH: /home/docker/.vscode-server/bin/507ce72a4466fbb27b715c3722558bb15afa9f48/bin
PATH: /home/docker/.vscode-server/bin/507ce72a4466fbb27b715c3722558bb15afa9f48/bin
PATH: /usr/local/sbin
PATH: /usr/local/bin
PATH: /usr/sbin
PATH: /usr/bin
PATH: /sbin
PATH: /bin
PATH: /usr/games
PATH: /usr/local/games
PATH: /snap/bin


## ----------- ##
## Core tests. ##
## ----------- ##

configure:2338: checking whether make supports nested variables
configure:2355: result: yes
configure:2382: checking for a BSD-compatible install
configure:2450: result: /usr/bin/install -c
configure:2461: checking whether build environment is sane
configure:2516: result: yes
configure:2667: checking for a thread-safe mkdir -p
configure:2706: result: /bin/mkdir -p
configure:2713: checking for gawk
configure:2743: result: no
configure:2713: checking for mawk
configure:2729: found /usr/bin/mawk
configure:2740: result: mawk
configure:2751: checking whether make sets $(MAKE)
configure:2773: result: yes
configure:2959: checking for gcc
configure:2975: found /usr/bin/gcc
configure:2986: result: gcc
configure:3215: checking for C compiler version
configure:3224: gcc --version >&5
gcc (Ubuntu 7.5.0-3ubuntu1~18.04) 7.5.0
Copyright (C) 2017 Free Software Foundation, Inc.
This is free software; see the source for copying conditions.  There is NO
warranty; not even for MERCHANTABILITY or FITNESS FOR A PARTICULAR PURPOSE.

configure:3235: $? = 0
configure:3224: gcc -v >&5
Using built-in specs.
COLLECT_GCC=gcc
COLLECT_LTO_WRAPPER=/usr/lib/gcc/x86_64-linux-gnu/7/lto-wrapper
OFFLOAD_TARGET_NAMES=nvptx-none
OFFLOAD_TARGET_DEFAULT=1
Target: x86_64-linux-gnu
Configured with: ../src/configure -v --with-pkgversion='Ubuntu 7.5.0-3ubuntu1~18.04' --with-bugurl=file:///usr/share/doc/gcc-7/README.Bugs --enable-languages=c,ada,c++,go,brig,d,fortran,objc,obj-c++ --prefix=/usr --with-gcc-major-version-only --program-suffix=-7 --program-prefix=x86_64-linux-gnu- --enable-shared --enable-linker-build-id --libexecdir=/usr/lib --without-included-gettext --enable-threads=posix --libdir=/usr/lib --enable-nls --enable-bootstrap --enable-clocale=gnu --enable-libstdcxx-debug --enable-libstdcxx-time=yes --with-default-libstdcxx-abi=new --enable-gnu-unique-object --disable-vtable-verify --enable-libmpx --enable-plugin --enable-default-pie --with-system-zlib --with-target-system-zlib --enable-objc-gc=auto --enable-multiarch --disable-werror --with-arch-32=i686 --with-abi=m64 --with-multilib-list=m32,m64,mx32 --enable-multilib --with-tune=generic --enable-offload-targets=nvptx-none --without-cuda-driver --enable-checking=release --build=x86_64-linux-gnu --host=x86_64-linux-gnu --target=x86_64-linux-gnu
Thread model: posix
gcc version 7.5.0 (Ubuntu 7.5.0-3ubuntu1~18.04) 
configure:3235: $? = 0
configure:3224: gcc -V >&5
gcc: error: unrecognized command line option '-V'
gcc: fatal error: no input files
compilation terminated.
configure:3235: $? = 1
configure:3224: gcc -qversion >&5
gcc: error: unrecognized command line option '-qversion'; did you mean '--version'?
gcc: fatal error: no input files
compilation terminated.
configure:3235: $? = 1
configure:3255: checking whether the C compiler works
configure:3277: gcc    conftest.c  >&5
configure:3281: $? = 0
configure:3329: result: yes
configure:3332: checking for C compiler default output file name
configure:3334: result: a.out
configure:3340: checking for suffix of executables
configure:3347: gcc -o conftest    conftest.c  >&5
configure:3351: $? = 0
configure:3373: result: 
configure:3395: checking whether we are cross compiling
configure:3403: gcc -o conftest    conftest.c  >&5
configure:3407: $? = 0
configure:3414: ./conftest
configure:3418: $? = 0
configure:3433: result: no
configure:3438: checking for suffix of object files
configure:3460: gcc -c   conftest.c >&5
configure:3464: $? = 0
configure:3485: result: o
configure:3489: checking whether we are using the GNU C compiler
configure:3508: gcc -c   conftest.c >&5
configure:3508: $? = 0
configure:3517: result: yes
configure:3526: checking whether gcc accepts -g
configure:3546: gcc -c -g  conftest.c >&5
configure:3546: $? = 0
configure:3587: result: yes
configure:3604: checking for gcc option to accept ISO C89
configure:3667: gcc  -c   conftest.c >&5
configure:3667: $? = 0
configure:3680: result: none needed
configure:3705: checking whether gcc understands -c and -o together
configure:3727: gcc -c conftest.c -o conftest2.o
configure:3730: $? = 0
configure:3727: gcc -c conftest.c -o conftest2.o
configure:3730: $? = 0
configure:3742: result: yes
configure:3770: checking for style of include used by make
configure:3798: result: GNU
configure:3824: checking dependency style of gcc
configure:3935: result: gcc3
configure:3980: checking build system type
configure:3994: result: x86_64-unknown-linux-gnu
configure:4014: checking host system type
configure:4027: result: x86_64-unknown-linux-gnu
configure:4068: checking how to print strings
configure:4095: result: printf
configure:4116: checking for a sed that does not truncate output
configure:4180: result: /bin/sed
configure:4198: checking for grep that handles long lines and -e
configure:4256: result: /bin/grep
configure:4261: checking for egrep
configure:4323: result: /bin/grep -E
configure:4328: checking for fgrep
configure:4390: result: /bin/grep -F
configure:4425: checking for ld used by gcc
configure:4492: result: /usr/bin/ld
configure:4499: checking if the linker (/usr/bin/ld) is GNU ld
configure:4514: result: yes
configure:4526: checking for BSD- or MS-compatible name lister (nm)
configure:4575: result: /usr/bin/nm -B
configure:4705: checking the name lister (/usr/bin/nm -B) interface
configure:4712: gcc -c   conftest.c >&5
configure:4715: /usr/bin/nm -B "conftest.o"
configure:4718: output
0000000000000000 B some_variable
configure:4725: result: BSD nm
configure:4728: checking whether ln -s works
configure:4732: result: yes
configure:4740: checking the maximum length of command line arguments
configure:4871: result: 1572864
configure:4888: checking whether the shell understands some XSI constructs
configure:4898: result: yes
configure:4902: checking whether the shell understands "+="
configure:4908: result: yes
configure:4943: checking how to convert x86_64-unknown-linux-gnu file names to x86_64-unknown-linux-gnu format
configure:4983: result: func_convert_file_noop
configure:4990: checking how to convert x86_64-unknown-linux-gnu file names to toolchain format
configure:5010: result: func_convert_file_noop
configure:5017: checking for /usr/bin/ld option to reload object files
configure:5024: result: -r
configure:5098: checking for objdump
configure:5114: found /usr/bin/objdump
configure:5125: result: objdump
configure:5157: checking how to recognize dependent libraries
configure:5355: result: pass_all
configure:5440: checking for dlltool
configure:5470: result: no
configure:5500: checking how to associate runtime and link libraries
configure:5527: result: printf %s\n
configure:5588: checking for ar
configure:5604: found /usr/bin/ar
configure:5615: result: ar
configure:5652: checking for archiver @FILE support
configure:5669: gcc -c   conftest.c >&5
configure:5669: $? = 0
configure:5672: ar cru libconftest.a @conftest.lst >&5
ar: `u' modifier ignored since `D' is the default (see `U')
configure:5675: $? = 0
configure:5680: ar cru libconftest.a @conftest.lst >&5
ar: `u' modifier ignored since `D' is the default (see `U')
ar: conftest.o: No such file or directory
configure:5683: $? = 1
configure:5695: result: @
configure:5753: checking for strip
configure:5769: found /usr/bin/strip
configure:5780: result: strip
configure:5852: checking for ranlib
configure:5868: found /usr/bin/ranlib
configure:5879: result: ranlib
configure:5981: checking command to parse /usr/bin/nm -B output from gcc object
configure:6101: gcc -c   conftest.c >&5
configure:6104: $? = 0
configure:6108: /usr/bin/nm -B conftest.o \| sed -n -e 's/^.*[ ]\([ABCDGIRSTW][ABCDGIRSTW]*\)[ ][ ]*\([_A-Za-z][_A-Za-z0-9]*\)$/\1 \2 \2/p' | sed '/ __gnu_lto/d' \> conftest.nm
configure:6111: $? = 0
configure:6177: gcc -o conftest    conftest.c conftstm.o >&5
configure:6180: $? = 0
configure:6218: result: ok
configure:6255: checking for sysroot
configure:6285: result: no
configure:6362: gcc -c   conftest.c >&5
configure:6365: $? = 0
configure:6554: checking for mt
configure:6584: result: no
configure:6604: checking if : is a manifest tool
configure:6610: : '-?'
configure:6618: result: no
configure:7260: checking how to run the C preprocessor
configure:7291: gcc -E  conftest.c
configure:7291: $? = 0
configure:7305: gcc -E  conftest.c
conftest.c:11:10: fatal error: ac_nonexistent.h: No such file or directory
 #include <ac_nonexistent.h>
          ^~~~~~~~~~~~~~~~~~
compilation terminated.
configure:7305: $? = 1
configure: failed program was:
| /* confdefs.h */
| #define PACKAGE_NAME "cefore"
| #define PACKAGE_TARNAME "cefore"
| #define PACKAGE_VERSION "0.8.3"
| #define PACKAGE_STRING "cefore 0.8.3"
| #define PACKAGE_BUGREPORT ""
| #define PACKAGE_URL ""
| #define PACKAGE "cefore"
| #define VERSION "0.8.3"
| /* end confdefs.h.  */
| #include <ac_nonexistent.h>
configure:7330: result: gcc -E
configure:7350: gcc -E  conftest.c
configure:7350: $? = 0
configure:7364: gcc -E  conftest.c
conftest.c:11:10: fatal error: ac_nonexistent.h: No such file or directory
 #include <ac_nonexistent.h>
          ^~~~~~~~~~~~~~~~~~
compilation terminated.
configure:7364: $? = 1
configure: failed program was:
| /* confdefs.h */
| #define PACKAGE_NAME "cefore"
| #define PACKAGE_TARNAME "cefore"
| #define PACKAGE_VERSION "0.8.3"
| #define PACKAGE_STRING "cefore 0.8.3"
| #define PACKAGE_BUGREPORT ""
| #define PACKAGE_URL ""
| #define PACKAGE "cefore"
| #define VERSION "0.8.3"
| /* end confdefs.h.  */
| #include <ac_nonexistent.h>
configure:7393: checking for ANSI C header files
configure:7413: gcc -c   conftest.c >&5
configure:7413: $? = 0
configure:7486: gcc -o conftest    conftest.c  >&5
configure:7486: $? = 0
configure:7486: ./conftest
configure:7486: $? = 0
configure:7497: result: yes
configure:7510: checking for sys/types.h
configure:7510: gcc -c   conftest.c >&5
configure:7510: $? = 0
configure:7510: result: yes
configure:7510: checking for sys/stat.h
configure:7510: gcc -c   conftest.c >&5
configure:7510: $? = 0
configure:7510: result: yes
configure:7510: checking for stdlib.h
configure:7510: gcc -c   conftest.c >&5
configure:7510: $? = 0
configure:7510: result: yes
configure:7510: checking for string.h
configure:7510: gcc -c   conftest.c >&5
configure:7510: $? = 0
configure:7510: result: yes
configure:7510: checking for memory.h
configure:7510: gcc -c   conftest.c >&5
configure:7510: $? = 0
configure:7510: result: yes
configure:7510: checking for strings.h
configure:7510: gcc -c   conftest.c >&5
configure:7510: $? = 0
configure:7510: result: yes
configure:7510: checking for inttypes.h
configure:7510: gcc -c   conftest.c >&5
configure:7510: $? = 0
configure:7510: result: yes
configure:7510: checking for stdint.h
configure:7510: gcc -c   conftest.c >&5
configure:7510: $? = 0
configure:7510: result: yes
configure:7510: checking for unistd.h
configure:7510: gcc -c   conftest.c >&5
configure:7510: $? = 0
configure:7510: result: yes
configure:7524: checking for dlfcn.h
configure:7524: gcc -c   conftest.c >&5
configure:7524: $? = 0
configure:7524: result: yes
configure:7729: checking for objdir
configure:7744: result: .libs
configure:8015: checking if gcc supports -fno-rtti -fno-exceptions
configure:8033: gcc -c   -fno-rtti -fno-exceptions conftest.c >&5
cc1: warning: command line option '-fno-rtti' is valid for C++/ObjC++ but not for C
configure:8037: $? = 0
configure:8050: result: no
configure:8377: checking for gcc option to produce PIC
configure:8384: result: -fPIC -DPIC
configure:8392: checking if gcc PIC flag -fPIC -DPIC works
configure:8410: gcc -c   -fPIC -DPIC -DPIC conftest.c >&5
configure:8414: $? = 0
configure:8427: result: yes
configure:8456: checking if gcc static flag -static works
configure:8484: result: yes
configure:8499: checking if gcc supports -c -o file.o
configure:8520: gcc -c   -o out/conftest2.o conftest.c >&5
configure:8524: $? = 0
configure:8546: result: yes
configure:8554: checking if gcc supports -c -o file.o
configure:8601: result: yes
configure:8634: checking whether the gcc linker (/usr/bin/ld -m elf_x86_64) supports shared libraries
configure:9791: result: yes
configure:9828: checking whether -lc should be explicitly linked in
configure:9836: gcc -c   conftest.c >&5
configure:9839: $? = 0
configure:9854: gcc -shared  -fPIC -DPIC conftest.o  -v -Wl,-soname -Wl,conftest -o conftest 2\>\&1 \| /bin/grep  -lc  \>/dev/null 2\>\&1
configure:9857: $? = 0
configure:9871: result: no
configure:10031: checking dynamic linker characteristics
configure:10531: gcc -o conftest    -Wl,-rpath -Wl,/foo conftest.c  >&5
configure:10531: $? = 0
configure:10765: result: GNU/Linux ld.so
configure:10872: checking how to hardcode library paths into programs
configure:10897: result: immediate
configure:10991: checking for shl_load
configure:10991: gcc -o conftest    conftest.c  >&5
/tmp/cc1HWvSN.o: In function `main':
conftest.c:(.text+0xa): undefined reference to `shl_load'
collect2: error: ld returned 1 exit status
configure:10991: $? = 1
configure: failed program was:
| /* confdefs.h */
| #define PACKAGE_NAME "cefore"
| #define PACKAGE_TARNAME "cefore"
| #define PACKAGE_VERSION "0.8.3"
| #define PACKAGE_STRING "cefore 0.8.3"
| #define PACKAGE_BUGREPORT ""
| #define PACKAGE_URL ""
| #define PACKAGE "cefore"
| #define VERSION "0.8.3"
| #define STDC_HEADERS 1
| #define HAVE_SYS_TYPES_H 1
| #define HAVE_SYS_STAT_H 1
| #define HAVE_STDLIB_H 1
| #define HAVE_STRING_H 1
| #define HAVE_MEMORY_H 1
| #define HAVE_STRINGS_H 1
| #define HAVE_INTTYPES_H 1
| #define HAVE_STDINT_H 1
| #define HAVE_UNISTD_H 1
| #define HAVE_DLFCN_H 1
| #define LT_OBJDIR ".libs/"
| /* end confdefs.h.  */
| /* Define shl_load to an innocuous variant, in case <limits.h> declares shl_load.
|    For example, HP-UX 11i <limits.h> declares gettimeofday.  */
| #define shl_load innocuous_shl_load
| 
| /* System header to define __stub macros and hopefully few prototypes,
|     which can conflict with char shl_load (); below.
|     Prefer <limits.h> to <assert.h> if __STDC__ is defined, since
|     <limits.h> exists even on freestanding compilers.  */
| 
| #ifdef __STDC__
| # include <limits.h>
| #else
| # include <assert.h>
| #endif
| 
| #undef shl_load
| 
| /* Override any GCC internal prototype to avoid an error.
|    Use char because int might match the return type of a GCC
|    builtin and then its argument prototype would still apply.  */
| #ifdef __cplusplus
| extern "C"
| #endif
| char shl_load ();
| /* The GNU C library defines this for functions which it implements
|     to always fail with ENOSYS.  Some functions are actually named
|     something starting with __ and the normal name is an alias.  */
| #if defined __stub_shl_load || defined __stub___shl_load
| choke me
| #endif
| 
| int
| main ()
| {
| return shl_load ();
|   ;
|   return 0;
| }
configure:10991: result: no
configure:10995: checking for shl_load in -ldld
configure:11020: gcc -o conftest    conftest.c -ldld   >&5
/usr/bin/ld: cannot find -ldld
collect2: error: ld returned 1 exit status
configure:11020: $? = 1
configure: failed program was:
| /* confdefs.h */
| #define PACKAGE_NAME "cefore"
| #define PACKAGE_TARNAME "cefore"
| #define PACKAGE_VERSION "0.8.3"
| #define PACKAGE_STRING "cefore 0.8.3"
| #define PACKAGE_BUGREPORT ""
| #define PACKAGE_URL ""
| #define PACKAGE "cefore"
| #define VERSION "0.8.3"
| #define STDC_HEADERS 1
| #define HAVE_SYS_TYPES_H 1
| #define HAVE_SYS_STAT_H 1
| #define HAVE_STDLIB_H 1
| #define HAVE_STRING_H 1
| #define HAVE_MEMORY_H 1
| #define HAVE_STRINGS_H 1
| #define HAVE_INTTYPES_H 1
| #define HAVE_STDINT_H 1
| #define HAVE_UNISTD_H 1
| #define HAVE_DLFCN_H 1
| #define LT_OBJDIR ".libs/"
| /* end confdefs.h.  */
| 
| /* Override any GCC internal prototype to avoid an error.
|    Use char because int might match the return type of a GCC
|    builtin and then its argument prototype would still apply.  */
| #ifdef __cplusplus
| extern "C"
| #endif
| char shl_load ();
| int
| main ()
| {
| return shl_load ();
|   ;
|   return 0;
| }
configure:11029: result: no
configure:11034: checking for dlopen
configure:11034: gcc -o conftest    conftest.c  >&5
/tmp/cc57A7dV.o: In function `main':
conftest.c:(.text+0xa): undefined reference to `dlopen'
collect2: error: ld returned 1 exit status
configure:11034: $? = 1
configure: failed program was:
| /* confdefs.h */
| #define PACKAGE_NAME "cefore"
| #define PACKAGE_TARNAME "cefore"
| #define PACKAGE_VERSION "0.8.3"
| #define PACKAGE_STRING "cefore 0.8.3"
| #define PACKAGE_BUGREPORT ""
| #define PACKAGE_URL ""
| #define PACKAGE "cefore"
| #define VERSION "0.8.3"
| #define STDC_HEADERS 1
| #define HAVE_SYS_TYPES_H 1
| #define HAVE_SYS_STAT_H 1
| #define HAVE_STDLIB_H 1
| #define HAVE_STRING_H 1
| #define HAVE_MEMORY_H 1
| #define HAVE_STRINGS_H 1
| #define HAVE_INTTYPES_H 1
| #define HAVE_STDINT_H 1
| #define HAVE_UNISTD_H 1
| #define HAVE_DLFCN_H 1
| #define LT_OBJDIR ".libs/"
| /* end confdefs.h.  */
| /* Define dlopen to an innocuous variant, in case <limits.h> declares dlopen.
|    For example, HP-UX 11i <limits.h> declares gettimeofday.  */
| #define dlopen innocuous_dlopen
| 
| /* System header to define __stub macros and hopefully few prototypes,
|     which can conflict with char dlopen (); below.
|     Prefer <limits.h> to <assert.h> if __STDC__ is defined, since
|     <limits.h> exists even on freestanding compilers.  */
| 
| #ifdef __STDC__
| # include <limits.h>
| #else
| # include <assert.h>
| #endif
| 
| #undef dlopen
| 
| /* Override any GCC internal prototype to avoid an error.
|    Use char because int might match the return type of a GCC
|    builtin and then its argument prototype would still apply.  */
| #ifdef __cplusplus
| extern "C"
| #endif
| char dlopen ();
| /* The GNU C library defines this for functions which it implements
|     to always fail with ENOSYS.  Some functions are actually named
|     something starting with __ and the normal name is an alias.  */
| #if defined __stub_dlopen || defined __stub___dlopen
| choke me
| #endif
| 
| int
| main ()
| {
| return dlopen ();
|   ;
|   return 0;
| }
configure:11034: result: no
configure:11038: checking for dlopen in -ldl
configure:11063: gcc -o conftest    conftest.c -ldl   >&5
configure:11063: $? = 0
configure:11072: result: yes
configure:11191: checking whether a program can dlopen itself
configure:11271: gcc -o conftest   -DHAVE_DLFCN_H  -Wl,--export-dynamic conftest.c -ldl  >&5
configure:11274: $? = 0
configure:11292: result: yes
configure:11297: checking whether a statically linked program can dlopen itself
configure:11377: gcc -o conftest   -DHAVE_DLFCN_H  -Wl,--export-dynamic -static conftest.c -ldl  >&5
/tmp/ccHPWsM9.o: In function `main':
conftest.c:(.text+0x1e): warning: Using 'dlopen' in statically linked applications requires at runtime the shared libraries from the glibc version used for linking
configure:11380: $? = 0
conftest: undefined symbol: _fnord
configure:11398: result: no
configure:11437: checking whether stripping libraries is possible
configure:11442: result: yes
configure:11477: checking if libtool supports shared libraries
configure:11479: result: yes
configure:11482: checking whether to build shared libraries
configure:11503: result: yes
configure:11506: checking whether to build static libraries
configure:11510: result: yes
configure:11560: checking for pid_t
configure:11560: gcc -c   conftest.c >&5
configure:11560: $? = 0
configure:11560: gcc -c   conftest.c >&5
conftest.c: In function 'main':
conftest.c:59:20: error: expected expression before ')' token
 if (sizeof ((pid_t)))
                    ^
configure:11560: $? = 1
configure: failed program was:
| /* confdefs.h */
| #define PACKAGE_NAME "cefore"
| #define PACKAGE_TARNAME "cefore"
| #define PACKAGE_VERSION "0.8.3"
| #define PACKAGE_STRING "cefore 0.8.3"
| #define PACKAGE_BUGREPORT ""
| #define PACKAGE_URL ""
| #define PACKAGE "cefore"
| #define VERSION "0.8.3"
| #define STDC_HEADERS 1
| #define HAVE_SYS_TYPES_H 1
| #define HAVE_SYS_STAT_H 1
| #define HAVE_STDLIB_H 1
| #define HAVE_STRING_H 1
| #define HAVE_MEMORY_H 1
| #define HAVE_STRINGS_H 1
| #define HAVE_INTTYPES_H 1
| #define HAVE_STDINT_H 1
| #define HAVE_UNISTD_H 1
| #define HAVE_DLFCN_H 1
| #define LT_OBJDIR ".libs/"
| /* end confdefs.h.  */
| #include <stdio.h>
| #ifdef HAVE_SYS_TYPES_H
| # include <sys/types.h>
| #endif
| #ifdef HAVE_SYS_STAT_H
| # include <sys/stat.h>
| #endif
| #ifdef STDC_HEADERS
| # include <stdlib.h>
| # include <stddef.h>
| #else
| # ifdef HAVE_STDLIB_H
| #  include <stdlib.h>
| # endif
| #endif
| #ifdef HAVE_STRING_H
| # if !defined STDC_HEADERS && defined HAVE_MEMORY_H
| #  include <memory.h>
| # endif
| # include <string.h>
| #endif
| #ifdef HAVE_STRINGS_H
| # include <strings.h>
| #endif
| #ifdef HAVE_INTTYPES_H
| # include <inttypes.h>
| #endif
| #ifdef HAVE_STDINT_H
| # include <stdint.h>
| #endif
| #ifdef HAVE_UNISTD_H
| # include <unistd.h>
| #endif
| int
| main ()
| {
| if (sizeof ((pid_t)))
| 	    return 0;
|   ;
|   return 0;
| }
configure:11560: result: yes
configure:11573: checking vfork.h usability
configure:11573: gcc -c   conftest.c >&5
conftest.c:56:10: fatal error: vfork.h: No such file or directory
 #include <vfork.h>
          ^~~~~~~~~
compilation terminated.
configure:11573: $? = 1
configure: failed program was:
| /* confdefs.h */
| #define PACKAGE_NAME "cefore"
| #define PACKAGE_TARNAME "cefore"
| #define PACKAGE_VERSION "0.8.3"
| #define PACKAGE_STRING "cefore 0.8.3"
| #define PACKAGE_BUGREPORT ""
| #define PACKAGE_URL ""
| #define PACKAGE "cefore"
| #define VERSION "0.8.3"
| #define STDC_HEADERS 1
| #define HAVE_SYS_TYPES_H 1
| #define HAVE_SYS_STAT_H 1
| #define HAVE_STDLIB_H 1
| #define HAVE_STRING_H 1
| #define HAVE_MEMORY_H 1
| #define HAVE_STRINGS_H 1
| #define HAVE_INTTYPES_H 1
| #define HAVE_STDINT_H 1
| #define HAVE_UNISTD_H 1
| #define HAVE_DLFCN_H 1
| #define LT_OBJDIR ".libs/"
| /* end confdefs.h.  */
| #include <stdio.h>
| #ifdef HAVE_SYS_TYPES_H
| # include <sys/types.h>
| #endif
| #ifdef HAVE_SYS_STAT_H
| # include <sys/stat.h>
| #endif
| #ifdef STDC_HEADERS
| # include <stdlib.h>
| # include <stddef.h>
| #else
| # ifdef HAVE_STDLIB_H
| #  include <stdlib.h>
| # endif
| #endif
| #ifdef HAVE_STRING_H
| # if !defined STDC_HEADERS && defined HAVE_MEMORY_H
| #  include <memory.h>
| # endif
| # include <string.h>
| #endif
| #ifdef HAVE_STRINGS_H
| # include <strings.h>
| #endif
| #ifdef HAVE_INTTYPES_H
| # include <inttypes.h>
| #endif
| #ifdef HAVE_STDINT_H
| # include <stdint.h>
| #endif
| #ifdef HAVE_UNISTD_H
| # include <unistd.h>
| #endif
| #include <vfork.h>
configure:11573: result: no
configure:11573: checking vfork.h presence
configure:11573: gcc -E  conftest.c
conftest.c:23:10: fatal error: vfork.h: No such file or directory
 #include <vfork.h>
          ^~~~~~~~~
compilation terminated.
configure:11573: $? = 1
configure: failed program was:
| /* confdefs.h */
| #define PACKAGE_NAME "cefore"
| #define PACKAGE_TARNAME "cefore"
| #define PACKAGE_VERSION "0.8.3"
| #define PACKAGE_STRING "cefore 0.8.3"
| #define PACKAGE_BUGREPORT ""
| #define PACKAGE_URL ""
| #define PACKAGE "cefore"
| #define VERSION "0.8.3"
| #define STDC_HEADERS 1
| #define HAVE_SYS_TYPES_H 1
| #define HAVE_SYS_STAT_H 1
| #define HAVE_STDLIB_H 1
| #define HAVE_STRING_H 1
| #define HAVE_MEMORY_H 1
| #define HAVE_STRINGS_H 1
| #define HAVE_INTTYPES_H 1
| #define HAVE_STDINT_H 1
| #define HAVE_UNISTD_H 1
| #define HAVE_DLFCN_H 1
| #define LT_OBJDIR ".libs/"
| /* end confdefs.h.  */
| #include <vfork.h>
configure:11573: result: no
configure:11573: checking for vfork.h
configure:11573: result: no
configure:11586: checking for fork
configure:11586: gcc -o conftest    conftest.c  >&5
conftest.c:46:6: warning: conflicting types for built-in function 'fork' [-Wbuiltin-declaration-mismatch]
 char fork ();
      ^~~~
configure:11586: $? = 0
configure:11586: result: yes
configure:11586: checking for vfork
configure:11586: gcc -o conftest    conftest.c  >&5
configure:11586: $? = 0
configure:11586: result: yes
configure:11596: checking for working fork
configure:11618: gcc -o conftest    conftest.c  >&5
configure:11618: $? = 0
configure:11618: ./conftest
configure:11618: $? = 0
configure:11628: result: yes
configure:11649: checking for working vfork
configure:11759: result: yes
configure:11787: checking for stdlib.h
configure:11787: result: yes
configure:11797: checking for GNU libc compatible malloc
configure:11821: gcc -o conftest    conftest.c  >&5
configure:11821: $? = 0
configure:11821: ./conftest
configure:11821: $? = 0
configure:11831: result: yes
configure:11881: checking for /usr/include/openssl/sha.h
configure:11895: result: yes
configure:12159: checking that generated files are newer than configure
configure:12165: result: done
configure:12220: creating ./config.status

## ---------------------- ##
## Running config.status. ##
## ---------------------- ##

This file was extended by cefore config.status 0.8.3, which was
generated by GNU Autoconf 2.69.  Invocation command line was

  CONFIG_FILES    = 
  CONFIG_HEADERS  = 
  CONFIG_LINKS    = 
  CONFIG_COMMANDS = 
  $ ./config.status 

on 12923321e9c7

config.status:1135: creating Makefile
config.status:1135: creating src/Makefile
config.status:1135: creating src/cefnetd/Makefile
config.status:1135: creating src/include/Makefile
config.status:1135: creating src/include/cefore/Makefile
config.status:1135: creating src/lib/Makefile
config.status:1135: creating src/plugin/Makefile
config.status:1135: creating src/bw_stat_plugin/Makefile
config.status:1135: creating utils/Makefile
config.status:1135: creating config/Makefile
config.status:1135: creating tools/Makefile
config.status:1135: creating tools/cefgetstream/Makefile
config.status:1135: creating tools/cefputstream/Makefile
config.status:1135: creating tools/cefgetfile/Makefile
config.status:1135: creating tools/cefputfile/Makefile
config.status:1135: creating tools/cefgetfile_sec/Makefile
config.status:1135: creating tools/cefputfile_sec/Makefile
config.status:1135: creating tools/cefgetchunk/Makefile
config.status:1135: creating tools/csmgr/Makefile
config.status:1135: creating src/csmgrd/Makefile
config.status:1135: creating src/csmgrd/csmgrd/Makefile
config.status:1135: creating src/csmgrd/plugin/Makefile
config.status:1135: creating src/csmgrd/plugin/lib/Makefile
config.status:1135: creating src/csmgrd/plugin/lib/lru/Makefile
config.status:1135: creating src/csmgrd/plugin/lib/lfu/Makefile
config.status:1135: creating src/csmgrd/plugin/lib/fifo/Makefile
config.status:1135: creating src/csmgrd/lib/Makefile
config.status:1135: creating src/csmgrd/include/Makefile
config.status:1135: creating src/csmgrd/include/csmgrd/Makefile
config.status:1135: creating tools/cefping/Makefile
config.status:1135: creating tools/ccninfo/Makefile
config.status:1135: creating config.h
config.status:1364: executing depfiles commands
config.status:1364: executing libtool commands

## ---------------- ##
## Cache variables. ##
## ---------------- ##

ac_cv_build=x86_64-unknown-linux-gnu
ac_cv_c_compiler_gnu=yes
ac_cv_env_CC_set=
ac_cv_env_CC_value=
ac_cv_env_CFLAGS_set=
ac_cv_env_CFLAGS_value=
ac_cv_env_CPPFLAGS_set=
ac_cv_env_CPPFLAGS_value=
ac_cv_env_CPP_set=
ac_cv_env_CPP_value=
ac_cv_env_LDFLAGS_set=
ac_cv_env_LDFLAGS_value=
ac_cv_env_LIBS_set=
ac_cv_env_LIBS_value=
ac_cv_env_build_alias_set=
ac_cv_env_build_alias_value=
ac_cv_env_host_alias_set=
ac_cv_env_host_alias_value=
ac_cv_env_target_alias_set=
ac_cv_env_target_alias_value=
ac_cv_file__usr_include_openssl_sha_h=yes
ac_cv_func_dlopen=no
ac_cv_func_fork=yes
ac_cv_func_fork_works=yes
ac_cv_func_malloc_0_nonnull=yes
ac_cv_func_shl_load=no
ac_cv_func_vfork=yes
ac_cv_func_vfork_works=yes
ac_cv_header_dlfcn_h=yes
ac_cv_header_inttypes_h=yes
ac_cv_header_memory_h=yes
ac_cv_header_stdc=yes
ac_cv_header_stdint_h=yes
ac_cv_header_stdlib_h=yes
ac_cv_header_string_h=yes
ac_cv_header_strings_h=yes
ac_cv_header_sys_stat_h=yes
ac_cv_header_sys_types_h=yes
ac_cv_header_unistd_h=yes
ac_cv_header_vfork_h=no
ac_cv_host=x86_64-unknown-linux-gnu
ac_cv_lib_dl_dlopen=yes
ac_cv_lib_dld_shl_load=no
ac_cv_objext=o
ac_cv_path_EGREP='/bin/grep -E'
ac_cv_path_FGREP='/bin/grep -F'
ac_cv_path_GREP=/bin/grep
ac_cv_path_SED=/bin/sed
ac_cv_path_install='/usr/bin/install -c'
ac_cv_path_mkdir=/bin/mkdir
ac_cv_prog_AWK=mawk
ac_cv_prog_CPP='gcc -E'
ac_cv_prog_ac_ct_AR=ar
ac_cv_prog_ac_ct_CC=gcc
ac_cv_prog_ac_ct_OBJDUMP=objdump
ac_cv_prog_ac_ct_RANLIB=ranlib
ac_cv_prog_ac_ct_STRIP=strip
ac_cv_prog_cc_c89=
ac_cv_prog_cc_g=yes
ac_cv_prog_make_make_set=yes
ac_cv_type_pid_t=yes
am_cv_CC_dependencies_compiler_type=gcc3
am_cv_make_support_nested_variables=yes
am_cv_prog_cc_c_o=yes
lt_cv_ar_at_file=@
lt_cv_archive_cmds_need_lc=no
lt_cv_deplibs_check_method=pass_all
lt_cv_dlopen=dlopen
lt_cv_dlopen_libs=-ldl
lt_cv_dlopen_self=yes
lt_cv_dlopen_self_static=no
lt_cv_file_magic_cmd='$MAGIC_CMD'
lt_cv_file_magic_test_file=
lt_cv_ld_reload_flag=-r
lt_cv_nm_interface='BSD nm'
lt_cv_objdir=.libs
lt_cv_path_LD=/usr/bin/ld
lt_cv_path_NM='/usr/bin/nm -B'
lt_cv_path_mainfest_tool=no
lt_cv_prog_compiler_c_o=yes
lt_cv_prog_compiler_pic='-fPIC -DPIC'
lt_cv_prog_compiler_pic_works=yes
lt_cv_prog_compiler_rtti_exceptions=no
lt_cv_prog_compiler_static_works=yes
lt_cv_prog_gnu_ld=yes
lt_cv_sharedlib_from_linklib_cmd='printf %s\n'
lt_cv_shlibpath_overrides_runpath=yes
lt_cv_sys_global_symbol_pipe='sed -n -e '\''s/^.*[	 ]\([ABCDGIRSTW][ABCDGIRSTW]*\)[	 ][	 ]*\([_A-Za-z][_A-Za-z0-9]*\)$/\1 \2 \2/p'\'' | sed '\''/ __gnu_lto/d'\'''
lt_cv_sys_global_symbol_to_c_name_address='sed -n -e '\''s/^: \([^ ]*\)[ ]*$/  {\"\1\", (void *) 0},/p'\'' -e '\''s/^[ABCDGIRSTW]* \([^ ]*\) \([^ ]*\)$/  {"\2", (void *) \&\2},/p'\'''
lt_cv_sys_global_symbol_to_c_name_address_lib_prefix='sed -n -e '\''s/^: \([^ ]*\)[ ]*$/  {\"\1\", (void *) 0},/p'\'' -e '\''s/^[ABCDGIRSTW]* \([^ ]*\) \(lib[^ ]*\)$/  {"\2", (void *) \&\2},/p'\'' -e '\''s/^[ABCDGIRSTW]* \([^ ]*\) \([^ ]*\)$/  {"lib\2", (void *) \&\2},/p'\'''
lt_cv_sys_global_symbol_to_cdecl='sed -n -e '\''s/^T .* \(.*\)$/extern int \1();/p'\'' -e '\''s/^[ABCDGIRSTW]* .* \(.*\)$/extern char \1;/p'\'''
lt_cv_sys_max_cmd_len=1572864
lt_cv_to_host_file_cmd=func_convert_file_noop
lt_cv_to_tool_file_cmd=func_convert_file_noop

## ----------------- ##
## Output variables. ##
## ----------------- ##

ACLOCAL='${SHELL} /home/docker/alpine/setup/cefore/cefore-0.8.3/autotools/missing aclocal-1.15'
AMDEPBACKSLASH='\'
AMDEP_FALSE='#'
AMDEP_TRUE=''
AMTAR='$${TAR-tar}'
AM_BACKSLASH='\'
AM_DEFAULT_V='$(AM_DEFAULT_VERBOSITY)'
AM_DEFAULT_VERBOSITY='0'
AM_V='$(V)'
AR='ar'
AUTOCONF='${SHELL} /home/docker/alpine/setup/cefore/cefore-0.8.3/autotools/missing autoconf'
AUTOHEADER='${SHELL} /home/docker/alpine/setup/cefore/cefore-0.8.3/autotools/missing autoheader'
AUTOMAKE='${SHELL} /home/docker/alpine/setup/cefore/cefore-0.8.3/autotools/missing automake-1.15'
AWK='mawk'
CACHE_ENABLE_FALSE='#'
CACHE_ENABLE_TRUE=''
CC='gcc'
CCDEPMODE='depmode=gcc3'
CCNINFO_ENABLE_FALSE='#'
CCNINFO_ENABLE_TRUE=''
CEFDBG_ENABLE_FALSE='#'
CEFDBG_ENABLE_TRUE=''
CEFORE_DIR_PATH='/usr/local/'
CEFPING_ENABLE_FALSE='#'
CEFPING_ENABLE_TRUE=''
CFLAGS=''
CPP='gcc -E'
CPPFLAGS=''
CSMGR_ENABLE_FALSE='#'
CSMGR_ENABLE_TRUE=''
CYGPATH_W='echo'
DEFS='-DHAVE_CONFIG_H'
DEPDIR='.deps'
DLLTOOL='false'
DSYMUTIL=''
DUMPBIN=''
ECHO_C=''
ECHO_N='-n'
ECHO_T=''
EGREP='/bin/grep -E'
EXEEXT=''
FGREP='/bin/grep -F'
GREP='/bin/grep'
INSTALL_DATA='${INSTALL} -m 644'
INSTALL_PROGRAM='${INSTALL}'
INSTALL_SCRIPT='${INSTALL}'
INSTALL_STRIP_PROGRAM='$(install_sh) -c -s'
LD='/usr/bin/ld -m elf_x86_64'
LDFLAGS=''
LIBOBJS=''
LIBS=''
LIBTOOL='$(SHELL) $(top_builddir)/libtool'
LINUX_FALSE='#'
LINUX_TRUE=''
LIPO=''
LN_S='ln -s'
LTLIBOBJS=''
MAKEINFO='${SHELL} /home/docker/alpine/setup/cefore/cefore-0.8.3/autotools/missing makeinfo'
MANIFEST_TOOL=':'
MKDIR_P='/bin/mkdir -p'
NDNPLUGIN_ENABLE_FALSE=''
NDNPLUGIN_ENABLE_TRUE='#'
NM='/usr/bin/nm -B'
NMEDIT=''
OBJDUMP='objdump'
OBJEXT='o'
OTOOL64=''
OTOOL=''
PACKAGE='cefore'
PACKAGE_BUGREPORT=''
PACKAGE_NAME='cefore'
PACKAGE_STRING='cefore 0.8.3'
PACKAGE_TARNAME='cefore'
PACKAGE_URL=''
PACKAGE_VERSION='0.8.3'
PATH_SEPARATOR=':'
RANLIB='ranlib'
SAMPTP_ENABLE_FALSE='#'
SAMPTP_ENABLE_TRUE=''
SED='/bin/sed'
SET_MAKE=''
SHELL='/bin/bash'
STRIP='strip'
VERSION='0.8.3'
ac_ct_AR='ar'
ac_ct_CC='gcc'
ac_ct_DUMPBIN=''
am__EXEEXT_FALSE=''
am__EXEEXT_TRUE='#'
am__fastdepCC_FALSE='#'
am__fastdepCC_TRUE=''
am__include='include'
am__isrc=''
am__leading_dot='.'
am__nodep='_no'
am__quote=''
am__tar='$${TAR-tar} chof - "$$tardir"'
am__untar='$${TAR-tar} xf -'
bindir='${exec_prefix}/bin'
build='x86_64-unknown-linux-gnu'
build_alias=''
build_cpu='x86_64'
build_os='linux-gnu'
build_vendor='unknown'
datadir='${datarootdir}'
datarootdir='${prefix}/share'
docdir='${datarootdir}/doc/${PACKAGE_TARNAME}'
dvidir='${docdir}'
exec_prefix='${prefix}'
host='x86_64-unknown-linux-gnu'
host_alias=''
host_cpu='x86_64'
host_os='linux-gnu'
host_vendor='unknown'
htmldir='${docdir}'
includedir='${prefix}/include'
infodir='${datarootdir}/info'
install_sh='${SHELL} /home/docker/alpine/setup/cefore/cefore-0.8.3/autotools/install-sh'
libdir='${exec_prefix}/lib'
libexecdir='${exec_prefix}/libexec'
localedir='${datarootdir}/locale'
localstatedir='${prefix}/var'
mandir='${datarootdir}/man'
mkdir_p='$(MKDIR_P)'
oldincludedir='/usr/include'
pdfdir='${docdir}'
prefix='/usr/local'
program_transform_name='s,x,x,'
psdir='${docdir}'
runstatedir='${localstatedir}/run'
sbindir='${exec_prefix}/sbin'
sharedstatedir='${prefix}/com'
sysconfdir='${prefix}/etc'
target_alias=''

## ----------- ##
## confdefs.h. ##
## ----------- ##

/* confdefs.h */
#define PACKAGE_NAME "cefore"
#define PACKAGE_TARNAME "cefore"
#define PACKAGE_VERSION "0.8.3"
#define PACKAGE_STRING "cefore 0.8.3"
#define PACKAGE_BUGREPORT ""
#define PACKAGE_URL ""
#define PACKAGE "cefore"
#define VERSION "0.8.3"
#define STDC_HEADERS 1
#define HAVE_SYS_TYPES_H 1
#define HAVE_SYS_STAT_H 1
#define HAVE_STDLIB_H 1
#define HAVE_STRING_H 1
#define HAVE_MEMORY_H 1
#define HAVE_STRINGS_H 1
#define HAVE_INTTYPES_H 1
#define HAVE_STDINT_H 1
#define HAVE_UNISTD_H 1
#define HAVE_DLFCN_H 1
#define LT_OBJDIR ".libs/"
#define HAVE_FORK 1
#define HAVE_VFORK 1
#define HAVE_WORKING_VFORK 1
#define HAVE_WORKING_FORK 1
#define HAVE_STDLIB_H 1
#define HAVE_MALLOC 1
#define HAVE__USR_INCLUDE_OPENSSL_SHA_H 1

configure: exit 0
